objc[42687]: Class AXEmojiUtilities is implemented in both /Applications/Xcode.app/Contents/Developer/Platforms/iPhoneSimulator.platform/Developer/SDKs/iPhoneSimulator7.1.sdk/System/Library/PrivateFrameworks/AccessibilityUtilities.framework/AccessibilityUtilities and /Applications/Xcode.app/Contents/Developer/Platforms/iPhoneSimulator.platform/Developer/SDKs/iPhoneSimulator7.1.sdk/usr/lib/libAXSpeechManager.dylib. One of the two will be used. Which one is undefined.
2014-08-25 17:16:29.428 openpaas[42687:70b] Cannot find executable for CFBundle 0xa58a850 </Applications/Xcode.app/Contents/Developer/Platforms/iPhoneSimulator.platform/Developer/SDKs/iPhoneSimulator7.1.sdk/System/Library/AccessibilityBundles/GeoServices.axbundle> (not loaded)
2014-08-25 17:16:29.435 openpaas[42687:70b] Cannot find executable for CFBundle 0xa481280 </Applications/Xcode.app/Contents/Developer/Platforms/iPhoneSimulator.platform/Developer/SDKs/iPhoneSimulator7.1.sdk/System/Library/AccessibilityBundles/CertUIFramework.axbundle> (not loaded)
2014-08-25 17:16:29.537 openpaas[42687:70b] Multi-tasking -> Device: YES, App: YES
2014-08-25 17:16:29.570 openpaas[42687:70b] Unlimited access to network resources
2014-08-25 17:16:29.740 openpaas[42687:70b] [CDVTimer][keyboard] 0.090957ms
2014-08-25 17:16:29.741 openpaas[42687:70b] CDVPlugin class CDVStatusBar (pluginName: statusbar) does not exist.
2014-08-25 17:16:29.741 openpaas[42687:70b] [CDVTimer][statusbar] 0.633001ms
2014-08-25 17:16:29.742 openpaas[42687:70b] [CDVTimer][TotalPluginStartup] 1.879990ms
2014-08-25 17:16:29.912 openpaas[42687:70b] Resetting plugins due to page load.
2014-08-25 17:16:30.253 openpaas[42687:70b] Finished load of: file:///Users/bopang/Library/Application%20Support/iPhone%20Simulator/7.1/Applications/4D17E650-5DB9-4298-A1DB-0E028529B3C3/openpaas.app/www/index.html#/login/signin
objc[54350]: Class AXEmojiUtilities is implemented in both /Applications/Xcode.app/Contents/Developer/Platforms/iPhoneSimulator.platform/Developer/SDKs/iPhoneSimulator7.1.sdk/System/Library/PrivateFrameworks/AccessibilityUtilities.framework/AccessibilityUtilities and /Applications/Xcode.app/Contents/Developer/Platforms/iPhoneSimulator.platform/Developer/SDKs/iPhoneSimulator7.1.sdk/usr/lib/libAXSpeechManager.dylib. One of the two will be used. Which one is undefined.
2014-08-26 13:47:31.816 openpaas[54350:70b] Cannot find executable for CFBundle 0xa66dab0 </Applications/Xcode.app/Contents/Developer/Platforms/iPhoneSimulator.platform/Developer/SDKs/iPhoneSimulator7.1.sdk/System/Library/AccessibilityBundles/CertUIFramework.axbundle> (not loaded)
2014-08-26 13:47:31.838 openpaas[54350:70b] Cannot find executable for CFBundle 0xa2ad010 </Applications/Xcode.app/Contents/Developer/Platforms/iPhoneSimulator.platform/Developer/SDKs/iPhoneSimulator7.1.sdk/System/Library/AccessibilityBundles/GeoServices.axbundle> (not loaded)
2014-08-26 13:47:31.973 openpaas[54350:70b] Multi-tasking -> Device: YES, App: YES
2014-08-26 13:47:32.028 openpaas[54350:70b] Unlimited access to network resources
2014-08-26 13:47:32.180 openpaas[54350:70b] [CDVTimer][keyboard] 0.062048ms
2014-08-26 13:47:32.181 openpaas[54350:70b] CDVPlugin class CDVStatusBar (pluginName: statusbar) does not exist.
2014-08-26 13:47:32.182 openpaas[54350:70b] [CDVTimer][statusbar] 0.599980ms
2014-08-26 13:47:32.182 openpaas[54350:70b] [CDVTimer][TotalPluginStartup] 1.955032ms
2014-08-26 13:47:32.585 openpaas[54350:70b] Resetting plugins due to page load.
2014-08-26 13:47:32.901 openpaas[54350:70b] Finished load of: file:///Users/bopang/Library/Application%20Support/iPhone%20Simulator/7.1/Applications/4D17E650-5DB9-4298-A1DB-0E028529B3C3/openpaas.app/www/index.html#/login/signin
objc[56769]: Class AXEmojiUtilities is implemented in both /Applications/Xcode.app/Contents/Developer/Platforms/iPhoneSimulator.platform/Developer/SDKs/iPhoneSimulator7.1.sdk/System/Library/PrivateFrameworks/AccessibilityUtilities.framework/AccessibilityUtilities and /Applications/Xcode.app/Contents/Developer/Platforms/iPhoneSimulator.platform/Developer/SDKs/iPhoneSimulator7.1.sdk/usr/lib/libAXSpeechManager.dylib. One of the two will be used. Which one is undefined.
2014-08-26 14:21:26.466 openpaas[56769:70b] Cannot find executable for CFBundle 0xa228f00 </Applications/Xcode.app/Contents/Developer/Platforms/iPhoneSimulator.platform/Developer/SDKs/iPhoneSimulator7.1.sdk/System/Library/AccessibilityBundles/GeoServices.axbundle> (not loaded)
2014-08-26 14:21:26.472 openpaas[56769:70b] Cannot find executable for CFBundle 0xa34c1e0 </Applications/Xcode.app/Contents/Developer/Platforms/iPhoneSimulator.platform/Developer/SDKs/iPhoneSimulator7.1.sdk/System/Library/AccessibilityBundles/CertUIFramework.axbundle> (not loaded)
2014-08-26 14:21:26.517 openpaas[56769:70b] Multi-tasking -> Device: YES, App: YES
2014-08-26 14:21:26.526 openpaas[56769:70b] Unlimited access to network resources
2014-08-26 14:21:26.550 openpaas[56769:70b] [CDVTimer][keyboard] 0.083029ms
2014-08-26 14:21:26.550 openpaas[56769:70b] CDVPlugin class CDVStatusBar (pluginName: statusbar) does not exist.
2014-08-26 14:21:26.551 openpaas[56769:70b] [CDVTimer][statusbar] 0.336051ms
2014-08-26 14:21:26.551 openpaas[56769:70b] [CDVTimer][TotalPluginStartup] 1.222014ms
2014-08-26 14:21:26.728 openpaas[56769:70b] Resetting plugins due to page load.
2014-08-26 14:21:26.877 openpaas[56769:70b] Finished load of: file:///Users/bopang/Library/Application%20Support/iPhone%20Simulator/7.1/Applications/4D17E650-5DB9-4298-A1DB-0E028529B3C3/openpaas.app/www/index.html#/login/signin
objc[59136]: Class AXEmojiUtilities is implemented in both /Applications/Xcode.app/Contents/Developer/Platforms/iPhoneSimulator.platform/Developer/SDKs/iPhoneSimulator7.1.sdk/System/Library/PrivateFrameworks/AccessibilityUtilities.framework/AccessibilityUtilities and /Applications/Xcode.app/Contents/Developer/Platforms/iPhoneSimulator.platform/Developer/SDKs/iPhoneSimulator7.1.sdk/usr/lib/libAXSpeechManager.dylib. One of the two will be used. Which one is undefined.
2014-08-26 14:53:50.908 openpaas[59136:70b] Cannot find executable for CFBundle 0xa631010 </Applications/Xcode.app/Contents/Developer/Platforms/iPhoneSimulator.platform/Developer/SDKs/iPhoneSimulator7.1.sdk/System/Library/AccessibilityBundles/GeoServices.axbundle> (not loaded)
2014-08-26 14:53:50.918 openpaas[59136:70b] Cannot find executable for CFBundle 0xa348660 </Applications/Xcode.app/Contents/Developer/Platforms/iPhoneSimulator.platform/Developer/SDKs/iPhoneSimulator7.1.sdk/System/Library/AccessibilityBundles/CertUIFramework.axbundle> (not loaded)
2014-08-26 14:53:50.988 openpaas[59136:70b] Multi-tasking -> Device: YES, App: YES
2014-08-26 14:53:50.997 openpaas[59136:70b] Unlimited access to network resources
2014-08-26 14:53:51.054 openpaas[59136:70b] [CDVTimer][keyboard] 0.091016ms
2014-08-26 14:53:51.057 openpaas[59136:70b] CDVPlugin class CDVStatusBar (pluginName: statusbar) does not exist.
2014-08-26 14:53:51.058 openpaas[59136:70b] [CDVTimer][statusbar] 0.615001ms
2014-08-26 14:53:51.058 openpaas[59136:70b] [CDVTimer][TotalPluginStartup] 4.453957ms
2014-08-26 14:53:51.275 openpaas[59136:70b] Resetting plugins due to page load.
2014-08-26 14:53:51.635 openpaas[59136:70b] Finished load of: file:///Users/bopang/Library/Application%20Support/iPhone%20Simulator/7.1/Applications/4D17E650-5DB9-4298-A1DB-0E028529B3C3/openpaas.app/www/index.html#/login/signin
objc[63185]: Class AXEmojiUtilities is implemented in both /Applications/Xcode.app/Contents/Developer/Platforms/iPhoneSimulator.platform/Developer/SDKs/iPhoneSimulator7.1.sdk/System/Library/PrivateFrameworks/AccessibilityUtilities.framework/AccessibilityUtilities and /Applications/Xcode.app/Contents/Developer/Platforms/iPhoneSimulator.platform/Developer/SDKs/iPhoneSimulator7.1.sdk/usr/lib/libAXSpeechManager.dylib. One of the two will be used. Which one is undefined.
2014-08-26 16:10:01.004 openpaas[63185:70b] Cannot find executable for CFBundle 0xa530e50 </Applications/Xcode.app/Contents/Developer/Platforms/iPhoneSimulator.platform/Developer/SDKs/iPhoneSimulator7.1.sdk/System/Library/AccessibilityBundles/GeoServices.axbundle> (not loaded)
2014-08-26 16:10:01.013 openpaas[63185:70b] Cannot find executable for CFBundle 0xa54f700 </Applications/Xcode.app/Contents/Developer/Platforms/iPhoneSimulator.platform/Developer/SDKs/iPhoneSimulator7.1.sdk/System/Library/AccessibilityBundles/CertUIFramework.axbundle> (not loaded)
2014-08-26 16:10:01.095 openpaas[63185:70b] Multi-tasking -> Device: YES, App: YES
2014-08-26 16:10:01.109 openpaas[63185:70b] Unlimited access to network resources
2014-08-26 16:10:01.149 openpaas[63185:70b] [CDVTimer][keyboard] 0.066042ms
2014-08-26 16:10:01.150 openpaas[63185:70b] CDVPlugin class CDVStatusBar (pluginName: statusbar) does not exist.
2014-08-26 16:10:01.150 openpaas[63185:70b] [CDVTimer][statusbar] 0.311017ms
2014-08-26 16:10:01.151 openpaas[63185:70b] [CDVTimer][TotalPluginStartup] 1.459002ms
2014-08-26 16:10:01.276 openpaas[63185:70b] Resetting plugins due to page load.
2014-08-26 16:10:01.399 openpaas[63185:70b] Finished load of: file:///Users/bopang/Library/Application%20Support/iPhone%20Simulator/7.1/Applications/4D17E650-5DB9-4298-A1DB-0E028529B3C3/openpaas.app/www/index.html#/login/signin
objc[65966]: Class AXEmojiUtilities is implemented in both /Applications/Xcode.app/Contents/Developer/Platforms/iPhoneSimulator.platform/Developer/SDKs/iPhoneSimulator7.1.sdk/System/Library/PrivateFrameworks/AccessibilityUtilities.framework/AccessibilityUtilities and /Applications/Xcode.app/Contents/Developer/Platforms/iPhoneSimulator.platform/Developer/SDKs/iPhoneSimulator7.1.sdk/usr/lib/libAXSpeechManager.dylib. One of the two will be used. Which one is undefined.
2014-08-26 16:51:14.366 openpaas[65966:70b] Cannot find executable for CFBundle 0xa3891b0 </Applications/Xcode.app/Contents/Developer/Platforms/iPhoneSimulator.platform/Developer/SDKs/iPhoneSimulator7.1.sdk/System/Library/AccessibilityBundles/GeoServices.axbundle> (not loaded)
2014-08-26 16:51:14.370 openpaas[65966:70b] Cannot find executable for CFBundle 0xa3a3770 </Applications/Xcode.app/Contents/Developer/Platforms/iPhoneSimulator.platform/Developer/SDKs/iPhoneSimulator7.1.sdk/System/Library/AccessibilityBundles/CertUIFramework.axbundle> (not loaded)
2014-08-26 16:51:14.393 openpaas[65966:70b] Multi-tasking -> Device: YES, App: YES
2014-08-26 16:51:14.400 openpaas[65966:70b] Unlimited access to network resources
2014-08-26 16:51:14.417 openpaas[65966:70b] [CDVTimer][keyboard] 0.059962ms
2014-08-26 16:51:14.417 openpaas[65966:70b] CDVPlugin class CDVStatusBar (pluginName: statusbar) does not exist.
2014-08-26 16:51:14.417 openpaas[65966:70b] [CDVTimer][statusbar] 0.347018ms
2014-08-26 16:51:14.418 openpaas[65966:70b] [CDVTimer][TotalPluginStartup] 1.186013ms
2014-08-26 16:51:14.462 openpaas[65966:70b] Resetting plugins due to page load.
2014-08-26 16:51:14.573 openpaas[65966:70b] Finished load of: file:///Users/bopang/Library/Application%20Support/iPhone%20Simulator/7.1/Applications/4D17E650-5DB9-4298-A1DB-0E028529B3C3/openpaas.app/www/index.html#/login/signin
objc[68245]: Class AXEmojiUtilities is implemented in both /Applications/Xcode.app/Contents/Developer/Platforms/iPhoneSimulator.platform/Developer/SDKs/iPhoneSimulator7.1.sdk/System/Library/PrivateFrameworks/AccessibilityUtilities.framework/AccessibilityUtilities and /Applications/Xcode.app/Contents/Developer/Platforms/iPhoneSimulator.platform/Developer/SDKs/iPhoneSimulator7.1.sdk/usr/lib/libAXSpeechManager.dylib. One of the two will be used. Which one is undefined.
2014-08-26 17:22:28.624 openpaas[68245:70b] Cannot find executable for CFBundle 0xa58d890 </Applications/Xcode.app/Contents/Developer/Platforms/iPhoneSimulator.platform/Developer/SDKs/iPhoneSimulator7.1.sdk/System/Library/AccessibilityBundles/GeoServices.axbundle> (not loaded)
2014-08-26 17:22:28.632 openpaas[68245:70b] Cannot find executable for CFBundle 0xa3aa520 </Applications/Xcode.app/Contents/Developer/Platforms/iPhoneSimulator.platform/Developer/SDKs/iPhoneSimulator7.1.sdk/System/Library/AccessibilityBundles/CertUIFramework.axbundle> (not loaded)
2014-08-26 17:22:28.662 openpaas[68245:70b] Multi-tasking -> Device: YES, App: YES
2014-08-26 17:22:28.668 openpaas[68245:70b] Unlimited access to network resources
2014-08-26 17:22:28.689 openpaas[68245:70b] [CDVTimer][keyboard] 0.063002ms
2014-08-26 17:22:28.690 openpaas[68245:70b] CDVPlugin class CDVStatusBar (pluginName: statusbar) does not exist.
2014-08-26 17:22:28.690 openpaas[68245:70b] [CDVTimer][statusbar] 0.411987ms
2014-08-26 17:22:28.691 openpaas[68245:70b] [CDVTimer][TotalPluginStartup] 1.314998ms
2014-08-26 17:22:28.793 openpaas[68245:70b] Resetting plugins due to page load.
2014-08-26 17:22:28.981 openpaas[68245:70b] Finished load of: file:///Users/bopang/Library/Application%20Support/iPhone%20Simulator/7.1/Applications/4D17E650-5DB9-4298-A1DB-0E028529B3C3/openpaas.app/www/index.html#/login/signin
objc[69628]: Class AXEmojiUtilities is implemented in both /Applications/Xcode.app/Contents/Developer/Platforms/iPhoneSimulator.platform/Developer/SDKs/iPhoneSimulator7.1.sdk/System/Library/PrivateFrameworks/AccessibilityUtilities.framework/AccessibilityUtilities and /Applications/Xcode.app/Contents/Developer/Platforms/iPhoneSimulator.platform/Developer/SDKs/iPhoneSimulator7.1.sdk/usr/lib/libAXSpeechManager.dylib. One of the two will be used. Which one is undefined.
2014-08-26 17:32:32.993 openpaas[69628:70b] Cannot find executable for CFBundle 0xa24dee0 </Applications/Xcode.app/Contents/Developer/Platforms/iPhoneSimulator.platform/Developer/SDKs/iPhoneSimulator7.1.sdk/System/Library/AccessibilityBundles/GeoServices.axbundle> (not loaded)
2014-08-26 17:32:32.998 openpaas[69628:70b] Cannot find executable for CFBundle 0xa26de60 </Applications/Xcode.app/Contents/Developer/Platforms/iPhoneSimulator.platform/Developer/SDKs/iPhoneSimulator7.1.sdk/System/Library/AccessibilityBundles/CertUIFramework.axbundle> (not loaded)
2014-08-26 17:32:33.019 openpaas[69628:70b] Multi-tasking -> Device: YES, App: YES
2014-08-26 17:32:33.025 openpaas[69628:70b] Unlimited access to network resources
2014-08-26 17:32:33.042 openpaas[69628:70b] [CDVTimer][keyboard] 0.084996ms
2014-08-26 17:32:33.042 openpaas[69628:70b] CDVPlugin class CDVStatusBar (pluginName: statusbar) does not exist.
2014-08-26 17:32:33.042 openpaas[69628:70b] [CDVTimer][statusbar] 0.333011ms
2014-08-26 17:32:33.043 openpaas[69628:70b] [CDVTimer][TotalPluginStartup] 1.336992ms
2014-08-26 17:32:33.085 openpaas[69628:70b] Resetting plugins due to page load.
2014-08-26 17:32:33.205 openpaas[69628:70b] Finished load of: file:///Users/bopang/Library/Application%20Support/iPhone%20Simulator/7.1/Applications/4D17E650-5DB9-4298-A1DB-0E028529B3C3/openpaas.app/www/index.html#/login/signin
objc[71210]: Class AXEmojiUtilities is implemented in both /Applications/Xcode.app/Contents/Developer/Platforms/iPhoneSimulator.platform/Developer/SDKs/iPhoneSimulator7.1.sdk/System/Library/PrivateFrameworks/AccessibilityUtilities.framework/AccessibilityUtilities and /Applications/Xcode.app/Contents/Developer/Platforms/iPhoneSimulator.platform/Developer/SDKs/iPhoneSimulator7.1.sdk/usr/lib/libAXSpeechManager.dylib. One of the two will be used. Which one is undefined.
2014-08-26 17:47:00.392 openpaas[71210:70b] Cannot find executable for CFBundle 0xa24b0a0 </Applications/Xcode.app/Contents/Developer/Platforms/iPhoneSimulator.platform/Developer/SDKs/iPhoneSimulator7.1.sdk/System/Library/AccessibilityBundles/GeoServices.axbundle> (not loaded)
2014-08-26 17:47:00.396 openpaas[71210:70b] Cannot find executable for CFBundle 0xa33c650 </Applications/Xcode.app/Contents/Developer/Platforms/iPhoneSimulator.platform/Developer/SDKs/iPhoneSimulator7.1.sdk/System/Library/AccessibilityBundles/CertUIFramework.axbundle> (not loaded)
2014-08-26 17:47:00.426 openpaas[71210:70b] Multi-tasking -> Device: YES, App: YES
2014-08-26 17:47:00.432 openpaas[71210:70b] Unlimited access to network resources
2014-08-26 17:47:00.450 openpaas[71210:70b] [CDVTimer][keyboard] 0.057995ms
2014-08-26 17:47:00.451 openpaas[71210:70b] CDVPlugin class CDVStatusBar (pluginName: statusbar) does not exist.
2014-08-26 17:47:00.451 openpaas[71210:70b] [CDVTimer][statusbar] 0.387013ms
2014-08-26 17:47:00.451 openpaas[71210:70b] [CDVTimer][TotalPluginStartup] 1.201987ms
2014-08-26 17:47:00.536 openpaas[71210:70b] Resetting plugins due to page load.
2014-08-26 17:47:00.699 openpaas[71210:70b] Finished load of: file:///Users/bopang/Library/Application%20Support/iPhone%20Simulator/7.1/Applications/4D17E650-5DB9-4298-A1DB-0E028529B3C3/openpaas.app/www/index.html#/login/signin
